<?xml version="1.0" encoding="UTF-8"?>
<!-- Generated by org.testng.reporters.JUnitReportReporter -->
<testsuite hostname="DESKTOP-OF0JF2E" failures="0" tests="1" name="GroupingOfTestCases.TestCase1" time="0.010" errors="0" timestamp="2022-11-13T20:55:53 IST" skipped="0">
  <testcase classname="GroupingOfTestCases.TestCase1" name="Test1" time="0.010"/>
  <system-out/>
</testsuite> <!-- GroupingOfTestCases.TestCase1 -->
