<?xml version="1.0" encoding="UTF-8"?>
<!-- Generated by org.testng.reporters.JUnitReportReporter -->
<testsuite hostname="DESKTOP-OF0JF2E" failures="0" tests="1" name="PageObjectModel_POM.RegistrationTest" time="4.689" errors="0" timestamp="2022-11-13T20:19:37 IST" skipped="0">
  <testcase classname="PageObjectModel_POM.RegistrationTest" name="Test" time="4.689"/>
  <system-out>
    <![CDATA[RegistrationPage
click facbook signup link
verifyfacebooklogoinregistrationpage
verifyfacebookregistrationpagealreadyhaveanaccount
setfirstnameinregistrationpage
setlastnameinregistrationpage
setmobilenumberinregistrationpage
setpasswordinregistrationpage
setbirthdayinregistrationpage
setbirthmonthinregistrationpage
setbirthyearinregistrationpage
setgenderinregistrationpage
clickonsignupButton]]>
  </system-out>
</testsuite> <!-- PageObjectModel_POM.RegistrationTest -->
