<?xml version="1.0" encoding="UTF-8"?>
<!-- Generated by org.testng.reporters.JUnitReportReporter -->
<testsuite hostname="DESKTOP-OF0JF2E" failures="0" tests="4" name="BasicsOfTestNg.ThreadPoolSize" time="168.926" errors="0" timestamp="2022-11-14T16:51:38 IST" skipped="0">
  <testcase classname="BasicsOfTestNg.ThreadPoolSize" name="OpenBrowser" time="42.124"/>
  <system-out/>
  <testcase classname="BasicsOfTestNg.ThreadPoolSize" name="OpenBrowser" time="42.226"/>
  <system-out/>
  <testcase classname="BasicsOfTestNg.ThreadPoolSize" name="OpenBrowser" time="42.265"/>
  <system-out/>
  <testcase classname="BasicsOfTestNg.ThreadPoolSize" name="OpenBrowser" time="42.311"/>
  <system-out/>
</testsuite> <!-- BasicsOfTestNg.ThreadPoolSize -->
