<?xml version="1.0" encoding="UTF-8"?>
<!-- Generated by org.testng.reporters.JUnitReportReporter -->
<testsuite hostname="DESKTOP-OF0JF2E" failures="0" tests="3" name="BasicsOfTestNg.ClassAnnotationPractice" time="0.025" errors="0" timestamp="2022-11-13T13:08:54 IST" skipped="0">
  <testcase classname="BasicsOfTestNg.ClassAnnotationPractice" name="HomeElement" time="0.012"/>
  <system-out>
    <![CDATA[**Checking the homepage url**]]>
  </system-out>
  <testcase classname="BasicsOfTestNg.ClassAnnotationPractice" name="ProfileCheck" time="0.004"/>
  <system-out>
    <![CDATA[**Checking the profile page url**]]>
  </system-out>
  <testcase classname="BasicsOfTestNg.ClassAnnotationPractice" name="Notificationpage" time="0.009"/>
  <system-out>
    <![CDATA[**Checking the Notification page url**]]>
  </system-out>
</testsuite> <!-- BasicsOfTestNg.ClassAnnotationPractice -->
